<?xml version="1.0" encoding="UTF-8"?>
<!-- Generated by org.testng.reporters.JUnitReportReporter -->
<testsuite hostname="DESKTOP-DMVCCCC" failures="0" tests="1" name="day1.FirstScript" time="6.813" errors="0" timestamp="2024-06-20T22:10:23 GMT-12:00" skipped="0">
  <testcase classname="day1.FirstScript" name="open_page" time="6.813"/>
  <system-out/>
</testsuite> <!-- day1.FirstScript -->
