<?xml version="1.0" encoding="UTF-8"?>
<!-- Generated by org.testng.reporters.JUnitReportReporter -->
<testsuite hostname="DESKTOP-DMVCCCC" failures="0" tests="2" name="testroomsoom.Masterclas" time="0.193" errors="0" timestamp="2024-06-26T12:15:22 GMT-12:00" skipped="0">
  <testcase classname="testroomsoom.Masterclas" name="features_item_button" time="0.115"/>
  <system-out/>
  <testcase classname="testroomsoom.Masterclas" name="to_verifypage" time="0.078"/>
  <system-out/>
</testsuite> <!-- testroomsoom.Masterclas -->
